Determining if the pthread_create exist failed with the following output:
Change Dir: /home/tony/Escritorio/PruebaClient/cmake-build-debug/CMakeFiles/CMakeTmp

Run Build Command:"/usr/bin/make" "cmTC_59d50/fast"
/usr/bin/make -f CMakeFiles/cmTC_59d50.dir/build.make CMakeFiles/cmTC_59d50.dir/build
make[1]: se entra en el directorio '/home/tony/Escritorio/PruebaClient/cmake-build-debug/CMakeFiles/CMakeTmp'
Building C object CMakeFiles/cmTC_59d50.dir/CheckSymbolExists.c.o
/usr/bin/cc   -std=gnu99 -o CMakeFiles/cmTC_59d50.dir/CheckSymbolExists.c.o   -c /home/tony/Escritorio/PruebaClient/cmake-build-debug/CMakeFiles/CMakeTmp/CheckSymbolExists.c
Linking C executable cmTC_59d50
/snap/clion/49/bin/cmake/linux/bin/cmake -E cmake_link_script CMakeFiles/cmTC_59d50.dir/link.txt --verbose=1
/usr/bin/cc      CMakeFiles/cmTC_59d50.dir/CheckSymbolExists.c.o  -o cmTC_59d50 
CMakeFiles/cmTC_59d50.dir/CheckSymbolExists.c.o: En la función `main':
CheckSymbolExists.c:(.text+0x1b): referencia a `pthread_create' sin definir
collect2: error: ld returned 1 exit status
CMakeFiles/cmTC_59d50.dir/build.make:86: recipe for target 'cmTC_59d50' failed
make[1]: *** [cmTC_59d50] Error 1
make[1]: se sale del directorio '/home/tony/Escritorio/PruebaClient/cmake-build-debug/CMakeFiles/CMakeTmp'
Makefile:121: recipe for target 'cmTC_59d50/fast' failed
make: *** [cmTC_59d50/fast] Error 2

File /home/tony/Escritorio/PruebaClient/cmake-build-debug/CMakeFiles/CMakeTmp/CheckSymbolExists.c:
/* */
#include <pthread.h>

int main(int argc, char** argv)
{
  (void)argv;
#ifndef pthread_create
  return ((int*)(&pthread_create))[argc];
#else
  (void)argc;
  return 0;
#endif
}

Determining if the function pthread_create exists in the pthreads failed with the following output:
Change Dir: /home/tony/Escritorio/PruebaClient/cmake-build-debug/CMakeFiles/CMakeTmp

Run Build Command:"/usr/bin/make" "cmTC_bf561/fast"
/usr/bin/make -f CMakeFiles/cmTC_bf561.dir/build.make CMakeFiles/cmTC_bf561.dir/build
make[1]: se entra en el directorio '/home/tony/Escritorio/PruebaClient/cmake-build-debug/CMakeFiles/CMakeTmp'
Building C object CMakeFiles/cmTC_bf561.dir/CheckFunctionExists.c.o
/usr/bin/cc   -DCHECK_FUNCTION_EXISTS=pthread_create   -std=gnu99 -o CMakeFiles/cmTC_bf561.dir/CheckFunctionExists.c.o   -c /snap/clion/49/bin/cmake/linux/share/cmake-3.12/Modules/CheckFunctionExists.c
Linking C executable cmTC_bf561
/snap/clion/49/bin/cmake/linux/bin/cmake -E cmake_link_script CMakeFiles/cmTC_bf561.dir/link.txt --verbose=1
/usr/bin/cc  -DCHECK_FUNCTION_EXISTS=pthread_create    CMakeFiles/cmTC_bf561.dir/CheckFunctionExists.c.o  -o cmTC_bf561 -lpthreads 
/usr/bin/x86_64-linux-gnu-ld: no se puede encontrar -lpthreads
collect2: error: ld returned 1 exit status
CMakeFiles/cmTC_bf561.dir/build.make:86: recipe for target 'cmTC_bf561' failed
make[1]: *** [cmTC_bf561] Error 1
make[1]: se sale del directorio '/home/tony/Escritorio/PruebaClient/cmake-build-debug/CMakeFiles/CMakeTmp'
Makefile:121: recipe for target 'cmTC_bf561/fast' failed
make: *** [cmTC_bf561/fast] Error 2


